TN:
SF:src\modules\auth\useCases\authUser\authUserController.ts
FN:6,handle
FNF:1
FNH:1
FNDA:4,handle
DA:1,1
DA:2,1
DA:3,1
DA:4,1
DA:5,1
DA:6,1
DA:7,4
DA:8,4
DA:9,4
DA:10,4
DA:11,4
DA:12,4
DA:13,4
DA:14,4
DA:15,4
DA:16,1
DA:17,1
DA:18,1
LF:18
LH:18
BRDA:6,0,0,4
BRF:1
BRH:1
end_of_record
TN:
SF:src\modules\auth\useCases\authUser\authUserUseCase.ts
FN:9,AuthUserUseCase
FN:14,execute
FNF:2
FNH:2
FNDA:4,AuthUserUseCase
FNDA:4,execute
DA:1,1
DA:2,1
DA:3,1
DA:4,1
DA:5,1
DA:6,1
DA:7,1
DA:8,1
DA:9,1
DA:10,4
DA:11,4
DA:12,4
DA:13,1
DA:14,1
DA:15,4
DA:16,0
DA:17,0
DA:18,4
DA:19,4
DA:20,0
DA:21,0
DA:22,4
DA:23,4
DA:24,0
DA:25,0
DA:26,4
DA:27,4
DA:28,4
DA:29,4
DA:30,4
DA:31,4
DA:32,1
DA:33,1
DA:34,1
LF:34
LH:28
BRDA:9,0,0,4
BRDA:14,1,0,4
BRDA:15,2,0,0
BRDA:19,3,0,0
BRDA:23,4,0,0
BRF:5
BRH:2
end_of_record
TN:
SF:src\modules\like\useCases\createLikeQuestion\CreateLikeQuestionController.ts
FN:6,handle
FNF:1
FNH:0
FNDA:0,handle
DA:1,1
DA:2,1
DA:3,1
DA:4,1
DA:5,1
DA:6,1
DA:7,0
DA:8,0
DA:9,0
DA:10,0
DA:11,0
DA:12,0
DA:13,0
DA:14,0
DA:15,1
DA:16,1
DA:17,1
LF:17
LH:9
BRF:0
BRH:0
end_of_record
TN:
SF:src\modules\like\useCases\createLikeQuestion\CreateLikeQuestionUseCase.ts
FN:8,CreateLikeQuestionUseCase
FN:15,execute
FNF:2
FNH:0
FNDA:0,CreateLikeQuestionUseCase
FNDA:0,execute
DA:1,1
DA:2,1
DA:3,1
DA:4,1
DA:5,1
DA:6,1
DA:7,1
DA:8,1
DA:9,0
DA:10,0
DA:11,0
DA:12,0
DA:13,0
DA:14,1
DA:15,1
DA:16,0
DA:17,0
DA:18,0
DA:19,0
DA:20,0
DA:21,0
DA:22,0
DA:23,0
DA:24,1
DA:25,1
DA:26,1
LF:26
LH:13
BRF:0
BRH:0
end_of_record
TN:
SF:src\modules\like\useCases\deleteLikeQuestion\DeleteLikeQuestionController.ts
FN:6,handle
FNF:1
FNH:0
FNDA:0,handle
DA:1,1
DA:2,1
DA:3,1
DA:4,1
DA:5,1
DA:6,1
DA:7,0
DA:8,0
DA:9,0
DA:10,0
DA:11,0
DA:12,0
DA:13,0
DA:14,0
DA:15,0
DA:16,1
DA:17,1
DA:18,1
LF:18
LH:9
BRF:0
BRH:0
end_of_record
TN:
SF:src\modules\like\useCases\deleteLikeQuestion\DeleteLikeQuestionUseCase.ts
FN:7,DeleteLikeQuestionUseCase
FN:12,execute
FNF:2
FNH:0
FNDA:0,DeleteLikeQuestionUseCase
FNDA:0,execute
DA:1,1
DA:2,1
DA:3,1
DA:4,1
DA:5,1
DA:6,1
DA:7,1
DA:8,0
DA:9,0
DA:10,0
DA:11,1
DA:12,1
DA:13,0
DA:14,0
DA:15,0
DA:16,0
DA:17,0
DA:18,0
DA:19,0
DA:20,0
DA:21,0
DA:22,1
DA:23,1
DA:24,1
LF:24
LH:12
BRF:0
BRH:0
end_of_record
TN:
SF:src\modules\question\useCases\createQuestion\CreateQuestionController.ts
FN:7,handle
FNF:1
FNH:0
FNDA:0,handle
DA:1,1
DA:2,1
DA:3,1
DA:4,1
DA:5,1
DA:6,1
DA:7,1
DA:8,0
DA:9,0
DA:10,0
DA:11,0
DA:12,0
DA:13,0
DA:14,0
DA:15,1
DA:16,1
DA:17,1
LF:17
LH:10
BRF:0
BRH:0
end_of_record
TN:
SF:src\modules\question\useCases\createQuestion\CreateQuestionUseCase.ts
FN:7,CreateQuestionUseCase
FN:12,execute
FNF:2
FNH:0
FNDA:0,CreateQuestionUseCase
FNDA:0,execute
DA:1,1
DA:2,1
DA:3,1
DA:4,1
DA:5,1
DA:6,1
DA:7,1
DA:8,0
DA:9,0
DA:10,0
DA:11,1
DA:12,1
DA:13,0
DA:14,0
DA:15,1
DA:16,1
DA:17,1
LF:17
LH:12
BRF:0
BRH:0
end_of_record
TN:
SF:src\modules\question\useCases\deleteQuestion\DeleteQuestionController.ts
FN:7,handle
FNF:1
FNH:0
FNDA:0,handle
DA:1,1
DA:2,1
DA:3,1
DA:4,1
DA:5,1
DA:6,1
DA:7,1
DA:8,0
DA:9,0
DA:10,0
DA:11,0
DA:12,0
DA:13,0
DA:14,0
DA:15,0
DA:16,1
DA:17,1
DA:18,1
LF:18
LH:10
BRF:0
BRH:0
end_of_record
TN:
SF:src\modules\question\useCases\deleteQuestion\DeleteQuestionUseCase.ts
FN:8,DeleteQuestionUseCase
FN:15,execute
FNF:2
FNH:0
FNDA:0,DeleteQuestionUseCase
FNDA:0,execute
DA:1,1
DA:2,1
DA:3,1
DA:4,1
DA:5,1
DA:6,1
DA:7,1
DA:8,1
DA:9,0
DA:10,0
DA:11,0
DA:12,0
DA:13,0
DA:14,1
DA:15,1
DA:16,0
DA:17,0
DA:18,0
DA:19,0
DA:20,0
DA:21,0
DA:22,0
DA:23,0
DA:24,0
DA:25,0
DA:26,0
DA:27,0
DA:28,0
DA:29,0
DA:30,1
DA:31,1
DA:32,1
LF:32
LH:13
BRF:0
BRH:0
end_of_record
TN:
SF:src\modules\question\useCases\find\FindController.ts
FN:6,handle
FNF:1
FNH:0
FNDA:0,handle
DA:1,1
DA:2,1
DA:3,1
DA:4,1
DA:5,1
DA:6,1
DA:7,0
DA:8,0
DA:9,0
DA:10,0
DA:11,0
DA:12,1
DA:13,1
DA:14,1
LF:14
LH:9
BRF:0
BRH:0
end_of_record
TN:
SF:src\modules\question\useCases\find\FindUseCase.ts
FN:7,FindQuestionUseCase
FN:12,execute
FNF:2
FNH:0
FNDA:0,FindQuestionUseCase
FNDA:0,execute
DA:1,1
DA:2,1
DA:3,1
DA:4,1
DA:5,1
DA:6,1
DA:7,1
DA:8,0
DA:9,0
DA:10,0
DA:11,1
DA:12,1
DA:13,0
DA:14,0
DA:15,0
DA:16,1
DA:17,1
DA:18,1
LF:18
LH:12
BRF:0
BRH:0
end_of_record
TN:
SF:src\modules\question\useCases\findById\FindByIdController.ts
FN:6,handle
FNF:1
FNH:0
FNDA:0,handle
DA:1,1
DA:2,1
DA:3,1
DA:4,1
DA:5,1
DA:6,1
DA:7,0
DA:8,0
DA:9,0
DA:10,0
DA:11,0
DA:12,0
DA:13,1
DA:14,1
DA:15,1
LF:15
LH:9
BRF:0
BRH:0
end_of_record
TN:
SF:src\modules\question\useCases\findById\FindByIdUseCase.ts
FN:7,FindByIdQuestionUseCase
FN:12,execute
FNF:2
FNH:0
FNDA:0,FindByIdQuestionUseCase
FNDA:0,execute
DA:1,1
DA:2,1
DA:3,1
DA:4,1
DA:5,1
DA:6,1
DA:7,1
DA:8,0
DA:9,0
DA:10,0
DA:11,1
DA:12,1
DA:13,0
DA:14,0
DA:15,0
DA:16,1
DA:17,1
DA:18,1
LF:18
LH:12
BRF:0
BRH:0
end_of_record
TN:
SF:src\modules\question\useCases\findByUser\FindByUserController.ts
FN:6,handle
FNF:1
FNH:0
FNDA:0,handle
DA:1,1
DA:2,1
DA:3,1
DA:4,1
DA:5,1
DA:6,1
DA:7,0
DA:8,0
DA:9,0
DA:10,0
DA:11,0
DA:12,0
DA:13,0
DA:14,0
DA:15,0
DA:16,1
DA:17,1
DA:18,1
LF:18
LH:9
BRF:0
BRH:0
end_of_record
TN:
SF:src\modules\question\useCases\findByUser\FindByUserUseCase.ts
FN:7,FindByUserQuestionUseCase
FN:12,execute
FNF:2
FNH:0
FNDA:0,FindByUserQuestionUseCase
FNDA:0,execute
DA:1,1
DA:2,1
DA:3,1
DA:4,1
DA:5,1
DA:6,1
DA:7,1
DA:8,0
DA:9,0
DA:10,0
DA:11,1
DA:12,1
DA:13,0
DA:14,0
DA:15,0
DA:16,1
DA:17,1
DA:18,1
LF:18
LH:12
BRF:0
BRH:0
end_of_record
TN:
SF:src\modules\question\useCases\updateQuestion\UpdateQuestionController.ts
FN:7,handle
FNF:1
FNH:0
FNDA:0,handle
DA:1,1
DA:2,1
DA:3,1
DA:4,1
DA:5,1
DA:6,1
DA:7,1
DA:8,0
DA:9,0
DA:10,0
DA:11,0
DA:12,0
DA:13,0
DA:14,0
DA:15,0
DA:16,1
DA:17,1
DA:18,1
LF:18
LH:10
BRF:0
BRH:0
end_of_record
TN:
SF:src\modules\question\useCases\updateQuestion\UpdateQuestionUseCase.ts
FN:14,UpdateQuestionUseCase
FN:19,execute
FNF:2
FNH:0
FNDA:0,UpdateQuestionUseCase
FNDA:0,execute
DA:1,1
DA:2,1
DA:3,1
DA:4,1
DA:5,1
DA:6,1
DA:7,1
DA:8,1
DA:9,1
DA:10,1
DA:11,1
DA:12,1
DA:13,1
DA:14,1
DA:15,0
DA:16,0
DA:17,0
DA:18,1
DA:19,1
DA:20,0
DA:21,0
DA:22,0
DA:23,0
DA:24,0
DA:25,0
DA:26,0
DA:27,0
DA:28,0
DA:29,0
DA:30,0
DA:31,0
DA:32,1
DA:33,1
DA:34,1
LF:34
LH:19
BRF:0
BRH:0
end_of_record
TN:
SF:src\modules\user\useCases\createUser\createUserController.ts
FN:7,handle
FNF:1
FNH:1
FNDA:6,handle
DA:1,1
DA:2,1
DA:3,1
DA:4,1
DA:5,1
DA:6,1
DA:7,1
DA:8,6
DA:9,6
DA:10,6
DA:11,5
DA:12,5
DA:13,1
DA:14,1
DA:15,1
LF:15
LH:15
BRDA:7,0,0,6
BRDA:11,1,0,5
BRF:2
BRH:2
end_of_record
TN:
SF:src\modules\user\useCases\createUser\createUserUseCase.ts
FN:8,CreateUserUseCase
FN:13,execute
FNF:2
FNH:2
FNDA:12,CreateUserUseCase
FNDA:13,execute
DA:1,1
DA:2,1
DA:3,1
DA:4,1
DA:5,1
DA:6,1
DA:7,1
DA:8,1
DA:9,12
DA:10,12
DA:11,12
DA:12,1
DA:13,1
DA:14,13
DA:15,13
DA:16,2
DA:17,2
DA:18,11
DA:19,11
DA:20,11
DA:21,1
DA:22,1
DA:23,1
LF:23
LH:23
BRDA:8,0,0,12
BRDA:13,1,0,13
BRDA:15,2,0,2
BRDA:18,3,0,11
BRF:4
BRH:4
end_of_record
TN:
SF:src\modules\user\useCases\findMe\findMeController.ts
FN:6,handle
FNF:1
FNH:1
FNDA:2,handle
DA:1,1
DA:2,1
DA:3,1
DA:4,1
DA:5,1
DA:6,1
DA:7,2
DA:8,2
DA:9,2
DA:10,2
DA:11,2
DA:12,2
DA:13,2
DA:14,2
DA:15,1
DA:16,1
DA:17,1
LF:17
LH:17
BRDA:6,0,0,2
BRF:1
BRH:1
end_of_record
TN:
SF:src\modules\user\useCases\findMe\findMeUseCase.ts
FN:7,FindMeUseCase
FN:12,execute
FNF:2
FNH:2
FNDA:2,FindMeUseCase
FNDA:2,execute
DA:1,1
DA:2,1
DA:3,1
DA:4,1
DA:5,1
DA:6,1
DA:7,1
DA:8,2
DA:9,2
DA:10,2
DA:11,1
DA:12,1
DA:13,2
DA:14,2
DA:15,2
DA:16,1
DA:17,1
DA:18,1
LF:18
LH:18
BRDA:7,0,0,2
BRDA:12,1,0,2
BRF:2
BRH:2
end_of_record
TN:
SF:src\modules\user\useCases\updateUser\updateUserController.ts
FN:7,handle
FNF:1
FNH:1
FNDA:1,handle
DA:1,1
DA:2,1
DA:3,1
DA:4,1
DA:5,1
DA:6,1
DA:7,1
DA:8,1
DA:9,1
DA:10,1
DA:11,1
DA:12,1
DA:13,1
DA:14,1
DA:15,1
DA:16,1
DA:17,1
LF:17
LH:17
BRDA:7,0,0,1
BRF:1
BRH:1
end_of_record
TN:
SF:src\modules\user\useCases\updateUser\updateUserUseCase.ts
FN:7,UpdateUserUseCase
FN:12,execute
FNF:2
FNH:2
FNDA:2,UpdateUserUseCase
FNDA:2,execute
DA:1,1
DA:2,1
DA:3,1
DA:4,1
DA:5,1
DA:6,1
DA:7,1
DA:8,2
DA:9,2
DA:10,2
DA:11,1
DA:12,1
DA:13,2
DA:14,2
DA:15,1
DA:16,1
DA:17,1
LF:17
LH:17
BRDA:7,0,0,2
BRDA:12,1,0,2
BRF:2
BRH:2
end_of_record
TN:
SF:src\modules\user\useCases\updateUserPassword\updateUserPasswordController.ts
FN:7,handle
FNF:1
FNH:1
FNDA:1,handle
DA:1,1
DA:2,1
DA:3,1
DA:4,1
DA:5,1
DA:6,1
DA:7,1
DA:8,1
DA:9,1
DA:10,1
DA:11,1
DA:12,1
DA:13,1
DA:14,1
DA:15,1
DA:16,1
DA:17,1
DA:18,1
DA:19,1
LF:19
LH:19
BRDA:7,0,0,1
BRF:1
BRH:1
end_of_record
TN:
SF:src\modules\user\useCases\updateUserPassword\updateUserPasswordUseCase.ts
FN:9,UpdateUserPasswordUseCase
FN:14,execute
FNF:2
FNH:2
FNDA:3,UpdateUserPasswordUseCase
FNDA:4,execute
DA:1,1
DA:2,1
DA:3,1
DA:4,1
DA:5,1
DA:6,1
DA:7,1
DA:8,1
DA:9,1
DA:10,3
DA:11,3
DA:12,3
DA:13,1
DA:14,1
DA:15,4
DA:16,4
DA:17,4
DA:18,4
DA:19,4
DA:20,4
DA:21,4
DA:22,4
DA:23,2
DA:24,2
DA:25,2
DA:26,2
DA:27,2
DA:28,2
DA:29,1
DA:30,1
DA:31,1
LF:31
LH:31
BRDA:9,0,0,3
BRDA:14,1,0,4
BRDA:22,2,0,2
BRF:3
BRH:3
end_of_record
